mode: set
github.com/caovanhoang63/bookings/internal/forms/errors.go:6.44,8.2 1 1
github.com/caovanhoang63/bookings/internal/forms/errors.go:11.42,13.18 2 1
github.com/caovanhoang63/bookings/internal/forms/errors.go:13.18,15.3 1 1
github.com/caovanhoang63/bookings/internal/forms/errors.go:16.2,16.14 1 1
github.com/caovanhoang63/bookings/internal/forms/forms.go:18.29,20.2 1 1
github.com/caovanhoang63/bookings/internal/forms/forms.go:23.43,24.31 1 1
github.com/caovanhoang63/bookings/internal/forms/forms.go:24.31,26.37 2 1
github.com/caovanhoang63/bookings/internal/forms/forms.go:26.37,28.4 1 1
github.com/caovanhoang63/bookings/internal/forms/forms.go:33.33,38.2 1 1
github.com/caovanhoang63/bookings/internal/forms/forms.go:41.46,43.13 2 1
github.com/caovanhoang63/bookings/internal/forms/forms.go:43.13,45.3 1 1
github.com/caovanhoang63/bookings/internal/forms/forms.go:46.2,46.13 1 1
github.com/caovanhoang63/bookings/internal/forms/forms.go:50.57,52.21 2 1
github.com/caovanhoang63/bookings/internal/forms/forms.go:52.21,55.3 2 1
github.com/caovanhoang63/bookings/internal/forms/forms.go:56.2,56.13 1 1
github.com/caovanhoang63/bookings/internal/forms/forms.go:60.43,62.29 2 1
github.com/caovanhoang63/bookings/internal/forms/forms.go:62.29,65.3 2 1
github.com/caovanhoang63/bookings/internal/forms/forms.go:66.2,66.13 1 1
github.com/caovanhoang63/bookings/internal/forms/forms.go:70.49,72.105 2 1
github.com/caovanhoang63/bookings/internal/forms/forms.go:72.105,75.3 2 1
github.com/caovanhoang63/bookings/internal/forms/forms.go:76.2,76.13 1 1
